e:\academic\7th sem\final year project\source\survivable-routing-in-ip-mpls-over-optical-networks\fyproject\fyproject\debug\vc142.pdb
e:\academic\7th sem\final year project\source\survivable-routing-in-ip-mpls-over-optical-networks\fyproject\fyproject\debug\vc142.idb
e:\academic\7th sem\final year project\source\survivable-routing-in-ip-mpls-over-optical-networks\fyproject\fyproject\debug\main.obj
e:\academic\7th sem\final year project\source\survivable-routing-in-ip-mpls-over-optical-networks\fyproject\fyproject\debug\lsprequestgenarator.obj
e:\academic\7th sem\final year project\source\survivable-routing-in-ip-mpls-over-optical-networks\fyproject\fyproject\debug\lsp.obj
e:\academic\7th sem\final year project\source\survivable-routing-in-ip-mpls-over-optical-networks\fyproject\fyproject\debug\lightpathsettingup.obj
e:\academic\7th sem\final year project\source\survivable-routing-in-ip-mpls-over-optical-networks\fyproject\fyproject\debug\graph.obj
e:\academic\7th sem\final year project\source\survivable-routing-in-ip-mpls-over-optical-networks\fyproject\fyproject\debug\files.obj
e:\academic\7th sem\final year project\source\survivable-routing-in-ip-mpls-over-optical-networks\fyproject\fyproject\debug\eventdrivensimulator.obj
e:\academic\7th sem\final year project\source\survivable-routing-in-ip-mpls-over-optical-networks\fyproject\fyproject\debug\dijkstra.obj
e:\academic\7th sem\final year project\source\survivable-routing-in-ip-mpls-over-optical-networks\fyproject\fyproject\debug\fyproject.ilk
e:\academic\7th sem\final year project\source\survivable-routing-in-ip-mpls-over-optical-networks\fyproject\fyproject\debug\fyproject.exe
e:\academic\7th sem\final year project\source\survivable-routing-in-ip-mpls-over-optical-networks\fyproject\fyproject\debug\fyproject.pdb
c:\users\prabo\desktop\fyi\try10\fyproject\fyproject\debug\dijkstra.obj
c:\users\prabo\desktop\fyi\try10\fyproject\fyproject\debug\eventdrivensimulator.obj
c:\users\prabo\desktop\fyi\try10\fyproject\fyproject\debug\files.obj
c:\users\prabo\desktop\fyi\try10\fyproject\fyproject\debug\graph.obj
c:\users\prabo\desktop\fyi\try10\fyproject\fyproject\debug\lightpathsettingup.obj
c:\users\prabo\desktop\fyi\try10\fyproject\fyproject\debug\lsp.obj
c:\users\prabo\desktop\fyi\try10\fyproject\fyproject\debug\lsprequestgenarator.obj
c:\users\prabo\desktop\fyi\try10\fyproject\fyproject\debug\main.obj
c:\users\prabo\desktop\fyi\try10\fyproject\fyproject\debug\main.obj.enc
c:\users\prabo\desktop\fyi\try10\fyproject\fyproject\debug\fyproject.ilk
c:\users\prabo\desktop\fyi\try10\fyproject\fyproject\debug\vc142.idb
c:\users\prabo\desktop\fyi\try10\fyproject\fyproject\debug\fyproject.pdb
c:\users\prabo\desktop\fyi\try10\fyproject\fyproject\debug\vc142.pdb
c:\users\prabo\desktop\fyi\try10\fyproject\debug\fyproject.pdb
c:\users\prabo\desktop\fyi\try10\fyproject\debug\fyproject.exe
c:\users\prabo\desktop\fyi\try10\fyproject\debug\fyproject.ilk
c:\users\prabo\desktop\fyi\try10\fyproject\fyproject\debug\fyproject.tlog\cl.command.1.tlog
c:\users\prabo\desktop\fyi\try10\fyproject\fyproject\debug\fyproject.tlog\cl.read.1.tlog
c:\users\prabo\desktop\fyi\try10\fyproject\fyproject\debug\fyproject.tlog\cl.write.1.tlog
c:\users\prabo\desktop\fyi\try10\fyproject\fyproject\debug\fyproject.tlog\link.command.1.tlog
c:\users\prabo\desktop\fyi\try10\fyproject\fyproject\debug\fyproject.tlog\link.read.1.tlog
c:\users\prabo\desktop\fyi\try10\fyproject\fyproject\debug\fyproject.tlog\link.write.1.tlog
